<?xml version="1.0" encoding="UTF-8"?>
<!-- Generated by org.testng.reporters.JUnitReportReporter -->
<testsuite hostname="DESKTOP-AK0OO33" failures="0" tests="1" name="shruthi_helloworld.TestHelloWorld" time="0.004" errors="0" timestamp="2023-12-21T15:41:48 IST" skipped="0">
  <testcase classname="shruthi_helloworld.TestHelloWorld" name="testHelloWorld" time="0.004"/>
</testsuite> <!-- shruthi_helloworld.TestHelloWorld -->
